C51 COMPILER V9.00   MAIN                                                                  03/07/2020 00:39:29 PAGE 1   


C51 COMPILER V9.00, COMPILATION OF MODULE MAIN
OBJECT MODULE PLACED IN main.OBJ
COMPILER INVOKED BY: C:\keil4\C51\BIN\C51.EXE main.c BROWSE DEBUG OBJECTEXTEND

line level    source

   1          #include "reg52.h"
   2          #include "intrins.h"
   3          
   4          sfr ISP_CONTR=0xe7;//ST89C52 ISPÈí¸´Î»µØÖ·
   5          
   6          typedef unsigned char u8;
   7          typedef unsigned int u16;
   8          
   9          #define FOSC 11059200L      //System frequency
  10          #define BAUD 9600      //UART baudrate
  11          u8 uart_count=0;
  12          void Uart1_init()
  13          {
  14   1              SCON = 0x50;            //8-bit variable UART
  15   1          TL2 = RCAP2L = (65536-(FOSC/32/BAUD)); //Set auto-reload vaule
  16   1          TH2 = RCAP2H = (65536-(FOSC/32/BAUD)) >> 8;
  17   1          T2CON = 0x34;           //Timer2 start run
  18   1          ES = 1;                 //Enable UART interrupt
  19   1          EA = 1; 
  20   1      }
  21          void main()
  22          {                
  23   1              Uart1_init();
  24   1          while(1)
  25   1              {
  26   2                ;
  27   2              
  28   2              }
  29   1      }
  30          
  31          /*----------------------------
  32          UART interrupt service routine
  33          ----------------------------*/
  34          void Uart_Isr() interrupt 4
  35          {
  36   1              if (RI)
  37   1              {
  38   2                      RI = 0;             //Clear receive interrupt flag
  39   2                      if(SBUF==0x7f)
  40   2                      {
  41   3                                uart_count++;
  42   3                                if(uart_count>10)
  43   3                                {
  44   4                                       ISP_CONTR=0x60;        
  45   4                                }
  46   3                      }
  47   2                      else
  48   2                      {
  49   3                           uart_count=0;
  50   3                      }
  51   2              }
  52   1              if (TI)
  53   1              {
  54   2                      TI = 0;             //Clear transmit interrupt flag
  55   2              }
C51 COMPILER V9.00   MAIN                                                                  03/07/2020 00:39:29 PAGE 2   

  56   1      }
  57          


MODULE INFORMATION:   STATIC OVERLAYABLE
   CODE SIZE        =     69    ----
   CONSTANT SIZE    =   ----    ----
   XDATA SIZE       =   ----    ----
   PDATA SIZE       =   ----    ----
   DATA SIZE        =      1    ----
   IDATA SIZE       =   ----    ----
   BIT SIZE         =   ----    ----
END OF MODULE INFORMATION.


C51 COMPILATION COMPLETE.  0 WARNING(S),  0 ERROR(S)
