C51 COMPILER V9.54   STEP                                                                  06/30/2020 23:14:40 PAGE 1   


C51 COMPILER V9.54, COMPILATION OF MODULE STEP
OBJECT MODULE PLACED IN .\Objects\Step.obj
COMPILER INVOKED BY: D:\MDK5\C51\BIN\C51.EXE Step.c OPTIMIZE(8,SPEED) BROWSE DEBUG OBJECTEXTEND PRINT(.\Listings\Step.ls
                    -t) OBJECT(.\Objects\Step.obj)

line level    source

   1          #include "step.h"
   2          #include "reg52.h"
   3          
   4          /*      */
   5          
   6          void Delay1ms(unsigned char x)          //@24.000MHz
   7          {
   8   1              unsigned char i, j ,n;
   9   1              for(n = 0;n < x;n++)
  10   1              {
  11   2                      i = 32;
  12   2                      j = 41;
  13   2                      do
  14   2                      {
  15   3                              while (--j);
  16   3                      } while (--i);
  17   2              }
  18   1      }
  19          
  20          void Motor_Drive (unsigned char x,unsigned char y)
  21          {
  22   1              static char n = 0;
  23   1              if(y == 'P' || y == 'p')                //Pro
  24   1              {
  25   2                      P0 |= 0x0F;
  26   2                      P0 &= ~(0x01 << n++);
  27   2                      
  28   2              }
  29   1              else if(y == 'c' || y == 'C')   //Con
  30   1              {
  31   2                      P0 |= 0x0F;
  32   2                      P0 &= ~(0x08 >> n++);
  33   2              }
  34   1              if(n >= 4)n = 0;
  35   1              Delay1ms(x);
  36   1              
  37   1      }
  38          
  39          


MODULE INFORMATION:   STATIC OVERLAYABLE
   CODE SIZE        =     91    ----
   CONSTANT SIZE    =   ----    ----
   XDATA SIZE       =   ----    ----
   PDATA SIZE       =   ----    ----
   DATA SIZE        =      1    ----
   IDATA SIZE       =   ----    ----
   BIT SIZE         =   ----    ----
END OF MODULE INFORMATION.


C51 COMPILATION COMPLETE.  0 WARNING(S),  0 ERROR(S)
