C51 COMPILER V9.54   DELAY                                                                 07/04/2020 00:43:32 PAGE 1   


C51 COMPILER V9.54, COMPILATION OF MODULE DELAY
OBJECT MODULE PLACED IN .\Objects\delay.obj
COMPILER INVOKED BY: D:\MDK5\C51\BIN\C51.EXE delay.c OPTIMIZE(8,SPEED) BROWSE DEBUG OBJECTEXTEND PRINT(.\Listings\delay.
                    -lst) OBJECT(.\Objects\delay.obj)

line level    source

   1          
   2          #include "delay.h"
   3          
   4          void Delayx0us(unsigned char x) //@24.000MHz            ³¬Éù²¨ÑÓ³Ù
   5          {
   6   1          unsigned char i;
   7   1          for (x; x > 0; x--)
   8   1          {
   9   2              i = 71;
  10   2              while (--i)
  11   2                  ;
  12   2          }
  13   1      }
  14          
  15          void Delayxms(unsigned char x)          //@24.000MHz            °´¼üÏû¶¶ÑÓ³Ù
  16          {
  17   1              unsigned char i, j;
  18   1              for(x;x > 0;x--)
  19   1              {
  20   2                      _nop_();
  21   2                      i = 30;
  22   2                      j = 40;
  23   2                      do
  24   2                      {
  25   3                              while (--j);
  26   3                      } while (--i);
  27   2              }
  28   1      }
  29          
  30          void Delayx00ms(unsigned char x) //@24.000MHz   Í¨ÓÃÑÓ³Ù
  31          {
  32   1          unsigned char i, j, k;
  33   1          for (x; x > 0; x--)
  34   1          {
  35   2              _nop_();
  36   2              _nop_();
  37   2              i = 13;
  38   2              j = 45;
  39   2              k = 214;
  40   2              do
  41   2              {
  42   3                  do
  43   3                  {
  44   4                      while (--k)
  45   4                          ;
  46   4                  } while (--j);
  47   3              } while (--i);
  48   2          }
  49   1      }


MODULE INFORMATION:   STATIC OVERLAYABLE
   CODE SIZE        =     57    ----
   CONSTANT SIZE    =   ----    ----
C51 COMPILER V9.54   DELAY                                                                 07/04/2020 00:43:32 PAGE 2   

   XDATA SIZE       =   ----    ----
   PDATA SIZE       =   ----    ----
   DATA SIZE        =   ----    ----
   IDATA SIZE       =   ----    ----
   BIT SIZE         =   ----    ----
END OF MODULE INFORMATION.


C51 COMPILATION COMPLETE.  0 WARNING(S),  0 ERROR(S)
