C51 COMPILER V9.54   UART                                                                  07/03/2020 16:12:39 PAGE 1   


C51 COMPILER V9.54, COMPILATION OF MODULE UART
OBJECT MODULE PLACED IN .\Objects\uart.obj
COMPILER INVOKED BY: D:\MDK5\C51\BIN\C51.EXE uart.c OPTIMIZE(8,SPEED) BROWSE DEBUG OBJECTEXTEND PRINT(.\Listings\uart.ls
                    -t) OBJECT(.\Objects\uart.obj)

line level    source

   1          #include "uart.h"
   2          #include "stc8.h"
   3          
   4          unsigned char r_1,r_2,r_3,r_4,s,TCount;
   5          unsigned char array_r[16],array_s[16] = "Hello world !";
   6          
   7          /////////       stc15w没有定时器 1 ！！！！
   8          
   9          void TIME0_IRQ (void)           interrupt 1
  10          {
  11   1              if(r_1 || r_2 || r_3 || r_4)
  12   1              {
  13   2                      TCount++;
  14   2                      if(TCount > 200) TCount = 250;
  15   2              }
  16   1      }
  17          
  18          void UART_IRQ(void)                     interrupt 4
  19          {
  20   1              if(RI)
  21   1              {
  22   2                      RI = 0;
  23   2                      array_r[r_1++] = SBUF;
  24   2                      TCount = 0;
  25   2              }
  26   1      }
  27          
  28          void Uart_Init(unsigned char x)
  29          {
  30   1              switch (x)
  31   1              {
  32   2                      case 1:
  33   2                              UartInit_1();
  34   2                              Clean (sizeof(array_r),&array_r);
  35   2                              Clean (sizeof(array_s),&array_s);
  36   2                              Timer0Init();
  37   2                              break;
  38   2                      case 2:
  39   2                              UartInit_2();
  40   2                              break;
  41   2                      case 3:
  42   2                              UartInit_3();
  43   2                              break;
  44   2                      case 4:
  45   2                              UartInit_4();
  46   2                              break;
  47   2                      default:
  48   2                  break;
  49   2              }
  50   1      }
  51          
  52          void Clean (unsigned char x,unsigned char *y)
  53          {
  54   1              unsigned char n;
C51 COMPILER V9.54   UART                                                                  07/03/2020 16:12:39 PAGE 2   

  55   1              for(n = 0;n < x;n++)
  56   1              {
  57   2                      *(y+n) = 0;
  58   2              }
  59   1      }
  60          
  61          void UARTX_Send(unsigned char x,char *y,unsigned char z)        //x参 UARTX, y参 首地址, z参 长度
  62          {
  63   1              unsigned char n;
  64   1              for (n = 0; n < z; n++)
  65   1          {
  66   2              switch (x)
  67   2              {
  68   3              case 1:
  69   3                  SBUF = *(y+n);
  70   3                  while (!TI)
  71   3                      ;
  72   3                  TI = 0;
  73   3                  break;
  74   3              case 2:
  75   3                  S2BUF = *(y+n);
  76   3                  while (!(S2CON & S2TI))
  77   3                      ;
  78   3                  S2CON &= ~S2TI;
  79   3                  break;
  80   3              case 3:
  81   3                  S3BUF = *(y+n);
  82   3                  while (!(S3CON & S3TI))
  83   3                      ;
  84   3                  S3CON &= ~S3TI;
  85   3                  break;
  86   3              case 4:
  87   3                  S4BUF = *(y+n);
  88   3                  while (!(S4CON & S4TI))
  89   3                      ;
  90   3                  S4CON &= ~S4TI;
  91   3                  break;
  92   3              default:
  93   3                  break;
  94   3              }
  95   2          }
  96   1      }
  97          
  98          void UartInit_4(void)
  99          {
 100   1              S4CON = 0x10;   
 101   1              S4CON &= 0xBF;  
 102   1              AUXR |= 0x04;   
 103   1              T2L = 0x8F;             
 104   1              T2H = 0xFD;             
 105   1              AUXR |= 0x10;   
 106   1              IE2 |= 0x10;
 107   1      }
 108          
 109          void UartInit_3(void)   
 110          {
 111   1              S3CON = 0x10;   
 112   1              S3CON &= 0xBF;  
 113   1              AUXR |= 0x04;   
 114   1              T2L = 0x8F;             
 115   1              T2H = 0xFD;             
 116   1              AUXR |= 0x10;   
C51 COMPILER V9.54   UART                                                                  07/03/2020 16:12:39 PAGE 3   

 117   1              IE2 |= 0x08;
 118   1      }
 119          
 120          void UartInit_2(void)
 121          {
 122   1              S2CON = 0x50;
 123   1              AUXR |= 0x04;
 124   1              T2L = 0x8F;             
 125   1              T2H = 0xFD;             
 126   1              AUXR |= 0x10;   
 127   1              IE2 |= 0x01;
 128   1      }
 129          
 130          void UartInit_1 (void)          //9600bps@24.000MHz
 131          {
 132   1              SCON = 0x50;            //8位数据,可变波特率
 133   1              AUXR |= 0x01;           //串口1选择定时器2为波特率发生器
 134   1              AUXR |= 0x04;           //定时器2时钟为Fosc,即1T
 135   1              T2L = 0x8F;             //设定定时初值
 136   1              T2H = 0xFD;             //设定定时初值
 137   1              AUXR |= 0x10;           //启动定时器2
 138   1      }
 139          
 140          
 141          
 142          void Timer0Init(void)           //1ms,这样不会影响超声波。
 143          {
 144   1              AUXR |= 0x80;   
 145   1              TMOD &= 0xF0;   
 146   1              TL0 = 0x40;             
 147   1              TH0 = 0xA2;             
 148   1              TF0 = 0;                
 149   1              TR0 = 1;                
 150   1              ET0 = 1;
 151   1      }


MODULE INFORMATION:   STATIC OVERLAYABLE
   CODE SIZE        =    396    ----
   CONSTANT SIZE    =   ----    ----
   XDATA SIZE       =   ----    ----
   PDATA SIZE       =   ----    ----
   DATA SIZE        =     38       8
   IDATA SIZE       =   ----    ----
   BIT SIZE         =   ----    ----
END OF MODULE INFORMATION.


C51 COMPILATION COMPLETE.  0 WARNING(S),  0 ERROR(S)
