C51 COMPILER V9.54   OLED                                                                  06/26/2020 23:01:04 PAGE 1   


C51 COMPILER V9.54, COMPILATION OF MODULE OLED
OBJECT MODULE PLACED IN .\Objects\OLED.obj
COMPILER INVOKED BY: D:\MDK5\C51\BIN\C51.EXE OLED.c OPTIMIZE(8,SPEED) BROWSE DEBUG OBJECTEXTEND PRINT(.\Listings\OLED.ls
                    -t) OBJECT(.\Objects\OLED.obj)

line level    source

   1          #include "i2c.h"
   2          #include "oled.h"
   3          
   4          const unsigned char xdata F8X16[] =
   5              {
   6                  0x00, 0x00, 0x00, 0x00, 0x00, 0x00, 0x00, 0x00, 0x00, 0x00, 0x00, 0x00, 0x00, 0x00, 0x00, 0x00, //
             - 0
   7                  0x00, 0x00, 0x00, 0xF8, 0x00, 0x00, 0x00, 0x00, 0x00, 0x00, 0x00, 0x33, 0x30, 0x00, 0x00, 0x00, //
             -! 1
   8                  0x00, 0x10, 0x0C, 0x06, 0x10, 0x0C, 0x06, 0x00, 0x00, 0x00, 0x00, 0x00, 0x00, 0x00, 0x00, 0x00, //
             -" 2
   9                  0x40, 0xC0, 0x78, 0x40, 0xC0, 0x78, 0x40, 0x00, 0x04, 0x3F, 0x04, 0x04, 0x3F, 0x04, 0x04, 0x00, //
             -# 3
  10                  0x00, 0x70, 0x88, 0xFC, 0x08, 0x30, 0x00, 0x00, 0x00, 0x18, 0x20, 0xFF, 0x21, 0x1E, 0x00, 0x00, //
             -$ 4
  11                  0xF0, 0x08, 0xF0, 0x00, 0xE0, 0x18, 0x00, 0x00, 0x00, 0x21, 0x1C, 0x03, 0x1E, 0x21, 0x1E, 0x00, //
             -% 5
  12                  0x00, 0xF0, 0x08, 0x88, 0x70, 0x00, 0x00, 0x00, 0x1E, 0x21, 0x23, 0x24, 0x19, 0x27, 0x21, 0x10, //
             -& 6
  13                  0x10, 0x16, 0x0E, 0x00, 0x00, 0x00, 0x00, 0x00, 0x00, 0x00, 0x00, 0x00, 0x00, 0x00, 0x00, 0x00, //
             -' 7
  14                  0x00, 0x00, 0x00, 0xE0, 0x18, 0x04, 0x02, 0x00, 0x00, 0x00, 0x00, 0x07, 0x18, 0x20, 0x40, 0x00, //
             -( 8
  15                  0x00, 0x02, 0x04, 0x18, 0xE0, 0x00, 0x00, 0x00, 0x00, 0x40, 0x20, 0x18, 0x07, 0x00, 0x00, 0x00, //
             -) 9
  16                  0x40, 0x40, 0x80, 0xF0, 0x80, 0x40, 0x40, 0x00, 0x02, 0x02, 0x01, 0x0F, 0x01, 0x02, 0x02, 0x00, //
             -* 10
  17                  0x00, 0x00, 0x00, 0xF0, 0x00, 0x00, 0x00, 0x00, 0x01, 0x01, 0x01, 0x1F, 0x01, 0x01, 0x01, 0x00, //
             -+ 11
  18                  0x00, 0x00, 0x00, 0x00, 0x00, 0x00, 0x00, 0x00, 0x80, 0xB0, 0x70, 0x00, 0x00, 0x00, 0x00, 0x00, //
             -, 12
  19                  0x00, 0x00, 0x00, 0x00, 0x00, 0x00, 0x00, 0x00, 0x00, 0x01, 0x01, 0x01, 0x01, 0x01, 0x01, 0x01, //
             -- 13
  20                  0x00, 0x00, 0x00, 0x00, 0x00, 0x00, 0x00, 0x00, 0x00, 0x30, 0x30, 0x00, 0x00, 0x00, 0x00, 0x00, //
             -. 14
  21                  0x00, 0x00, 0x00, 0x00, 0x80, 0x60, 0x18, 0x04, 0x00, 0x60, 0x18, 0x06, 0x01, 0x00, 0x00, 0x00, //
             -/ 15
  22                  0x00, 0xE0, 0x10, 0x08, 0x08, 0x10, 0xE0, 0x00, 0x00, 0x0F, 0x10, 0x20, 0x20, 0x10, 0x0F, 0x00, //
             -0 16
  23                  0x00, 0x10, 0x10, 0xF8, 0x00, 0x00, 0x00, 0x00, 0x00, 0x20, 0x20, 0x3F, 0x20, 0x20, 0x00, 0x00, //
             -1 17
  24                  0x00, 0x70, 0x08, 0x08, 0x08, 0x88, 0x70, 0x00, 0x00, 0x30, 0x28, 0x24, 0x22, 0x21, 0x30, 0x00, //
             -2 18
  25                  0x00, 0x30, 0x08, 0x88, 0x88, 0x48, 0x30, 0x00, 0x00, 0x18, 0x20, 0x20, 0x20, 0x11, 0x0E, 0x00, //
             -3 19
  26                  0x00, 0x00, 0xC0, 0x20, 0x10, 0xF8, 0x00, 0x00, 0x00, 0x07, 0x04, 0x24, 0x24, 0x3F, 0x24, 0x00, //
             -4 20
  27                  0x00, 0xF8, 0x08, 0x88, 0x88, 0x08, 0x08, 0x00, 0x00, 0x19, 0x21, 0x20, 0x20, 0x11, 0x0E, 0x00, //
             -5 21
  28                  0x00, 0xE0, 0x10, 0x88, 0x88, 0x18, 0x00, 0x00, 0x00, 0x0F, 0x11, 0x20, 0x20, 0x11, 0x0E, 0x00, //
             -6 22
  29                  0x00, 0x38, 0x08, 0x08, 0xC8, 0x38, 0x08, 0x00, 0x00, 0x00, 0x00, 0x3F, 0x00, 0x00, 0x00, 0x00, //
             -7 23
  30                  0x00, 0x70, 0x88, 0x08, 0x08, 0x88, 0x70, 0x00, 0x00, 0x1C, 0x22, 0x21, 0x21, 0x22, 0x1C, 0x00, //
C51 COMPILER V9.54   OLED                                                                  06/26/2020 23:01:04 PAGE 2   

             -8 24
  31                  0x00, 0xE0, 0x10, 0x08, 0x08, 0x10, 0xE0, 0x00, 0x00, 0x00, 0x31, 0x22, 0x22, 0x11, 0x0F, 0x00, //
             -9 25
  32                  0x00, 0x00, 0x00, 0xC0, 0xC0, 0x00, 0x00, 0x00, 0x00, 0x00, 0x00, 0x30, 0x30, 0x00, 0x00, 0x00, //
             -: 26
  33                  0x00, 0x00, 0x00, 0x80, 0x00, 0x00, 0x00, 0x00, 0x00, 0x00, 0x80, 0x60, 0x00, 0x00, 0x00, 0x00, //
             -; 27
  34                  0x00, 0x00, 0x80, 0x40, 0x20, 0x10, 0x08, 0x00, 0x00, 0x01, 0x02, 0x04, 0x08, 0x10, 0x20, 0x00, //
             -< 28
  35                  0x40, 0x40, 0x40, 0x40, 0x40, 0x40, 0x40, 0x00, 0x04, 0x04, 0x04, 0x04, 0x04, 0x04, 0x04, 0x00, //
             -= 29
  36                  0x00, 0x08, 0x10, 0x20, 0x40, 0x80, 0x00, 0x00, 0x00, 0x20, 0x10, 0x08, 0x04, 0x02, 0x01, 0x00, //
             -> 30
  37                  0x00, 0x70, 0x48, 0x08, 0x08, 0x08, 0xF0, 0x00, 0x00, 0x00, 0x00, 0x30, 0x36, 0x01, 0x00, 0x00, //
             -? 31
  38                  0xC0, 0x30, 0xC8, 0x28, 0xE8, 0x10, 0xE0, 0x00, 0x07, 0x18, 0x27, 0x24, 0x23, 0x14, 0x0B, 0x00, //
             -@ 32
  39                  0x00, 0x00, 0xC0, 0x38, 0xE0, 0x00, 0x00, 0x00, 0x20, 0x3C, 0x23, 0x02, 0x02, 0x27, 0x38, 0x20, //
             -A 33
  40                  0x08, 0xF8, 0x88, 0x88, 0x88, 0x70, 0x00, 0x00, 0x20, 0x3F, 0x20, 0x20, 0x20, 0x11, 0x0E, 0x00, //
             -B 34
  41                  0xC0, 0x30, 0x08, 0x08, 0x08, 0x08, 0x38, 0x00, 0x07, 0x18, 0x20, 0x20, 0x20, 0x10, 0x08, 0x00, //
             -C 35
  42                  0x08, 0xF8, 0x08, 0x08, 0x08, 0x10, 0xE0, 0x00, 0x20, 0x3F, 0x20, 0x20, 0x20, 0x10, 0x0F, 0x00, //
             -D 36
  43                  0x08, 0xF8, 0x88, 0x88, 0xE8, 0x08, 0x10, 0x00, 0x20, 0x3F, 0x20, 0x20, 0x23, 0x20, 0x18, 0x00, //
             -E 37
  44                  0x08, 0xF8, 0x88, 0x88, 0xE8, 0x08, 0x10, 0x00, 0x20, 0x3F, 0x20, 0x00, 0x03, 0x00, 0x00, 0x00, //
             -F 38
  45                  0xC0, 0x30, 0x08, 0x08, 0x08, 0x38, 0x00, 0x00, 0x07, 0x18, 0x20, 0x20, 0x22, 0x1E, 0x02, 0x00, //
             -G 39
  46                  0x08, 0xF8, 0x08, 0x00, 0x00, 0x08, 0xF8, 0x08, 0x20, 0x3F, 0x21, 0x01, 0x01, 0x21, 0x3F, 0x20, //
             -H 40
  47                  0x00, 0x08, 0x08, 0xF8, 0x08, 0x08, 0x00, 0x00, 0x00, 0x20, 0x20, 0x3F, 0x20, 0x20, 0x00, 0x00, //
             -I 41
  48                  0x00, 0x00, 0x08, 0x08, 0xF8, 0x08, 0x08, 0x00, 0xC0, 0x80, 0x80, 0x80, 0x7F, 0x00, 0x00, 0x00, //
             -J 42
  49                  0x08, 0xF8, 0x88, 0xC0, 0x28, 0x18, 0x08, 0x00, 0x20, 0x3F, 0x20, 0x01, 0x26, 0x38, 0x20, 0x00, //
             -K 43
  50                  0x08, 0xF8, 0x08, 0x00, 0x00, 0x00, 0x00, 0x00, 0x20, 0x3F, 0x20, 0x20, 0x20, 0x20, 0x30, 0x00, //
             -L 44
  51                  0x08, 0xF8, 0xF8, 0x00, 0xF8, 0xF8, 0x08, 0x00, 0x20, 0x3F, 0x00, 0x3F, 0x00, 0x3F, 0x20, 0x00, //
             -M 45
  52                  0x08, 0xF8, 0x30, 0xC0, 0x00, 0x08, 0xF8, 0x08, 0x20, 0x3F, 0x20, 0x00, 0x07, 0x18, 0x3F, 0x00, //
             -N 46
  53                  0xE0, 0x10, 0x08, 0x08, 0x08, 0x10, 0xE0, 0x00, 0x0F, 0x10, 0x20, 0x20, 0x20, 0x10, 0x0F, 0x00, //
             -O 47
  54                  0x08, 0xF8, 0x08, 0x08, 0x08, 0x08, 0xF0, 0x00, 0x20, 0x3F, 0x21, 0x01, 0x01, 0x01, 0x00, 0x00, //
             -P 48
  55                  0xE0, 0x10, 0x08, 0x08, 0x08, 0x10, 0xE0, 0x00, 0x0F, 0x18, 0x24, 0x24, 0x38, 0x50, 0x4F, 0x00, //
             -Q 49
  56                  0x08, 0xF8, 0x88, 0x88, 0x88, 0x88, 0x70, 0x00, 0x20, 0x3F, 0x20, 0x00, 0x03, 0x0C, 0x30, 0x20, //
             -R 50
  57                  0x00, 0x70, 0x88, 0x08, 0x08, 0x08, 0x38, 0x00, 0x00, 0x38, 0x20, 0x21, 0x21, 0x22, 0x1C, 0x00, //
             -S 51
  58                  0x18, 0x08, 0x08, 0xF8, 0x08, 0x08, 0x18, 0x00, 0x00, 0x00, 0x20, 0x3F, 0x20, 0x00, 0x00, 0x00, //
             -T 52
  59                  0x08, 0xF8, 0x08, 0x00, 0x00, 0x08, 0xF8, 0x08, 0x00, 0x1F, 0x20, 0x20, 0x20, 0x20, 0x1F, 0x00, //
             -U 53
  60                  0x08, 0x78, 0x88, 0x00, 0x00, 0xC8, 0x38, 0x08, 0x00, 0x00, 0x07, 0x38, 0x0E, 0x01, 0x00, 0x00, //
             -V 54
  61                  0xF8, 0x08, 0x00, 0xF8, 0x00, 0x08, 0xF8, 0x00, 0x03, 0x3C, 0x07, 0x00, 0x07, 0x3C, 0x03, 0x00, //
C51 COMPILER V9.54   OLED                                                                  06/26/2020 23:01:04 PAGE 3   

             -W 55
  62                  0x08, 0x18, 0x68, 0x80, 0x80, 0x68, 0x18, 0x08, 0x20, 0x30, 0x2C, 0x03, 0x03, 0x2C, 0x30, 0x20, //
             -X 56
  63                  0x08, 0x38, 0xC8, 0x00, 0xC8, 0x38, 0x08, 0x00, 0x00, 0x00, 0x20, 0x3F, 0x20, 0x00, 0x00, 0x00, //
             -Y 57
  64                  0x10, 0x08, 0x08, 0x08, 0xC8, 0x38, 0x08, 0x00, 0x20, 0x38, 0x26, 0x21, 0x20, 0x20, 0x18, 0x00, //
             -Z 58
  65                  0x00, 0x00, 0x00, 0xFE, 0x02, 0x02, 0x02, 0x00, 0x00, 0x00, 0x00, 0x7F, 0x40, 0x40, 0x40, 0x00, //
             -[ 59
  66                  0x00, 0x0C, 0x30, 0xC0, 0x00, 0x00, 0x00, 0x00, 0x00, 0x00, 0x00, 0x01, 0x06, 0x38, 0xC0, 0x00, //
             -\ 60
  67                  0x00, 0x02, 0x02, 0x02, 0xFE, 0x00, 0x00, 0x00, 0x00, 0x40, 0x40, 0x40, 0x7F, 0x00, 0x00, 0x00, //
             -] 61
  68                  0x00, 0x00, 0x04, 0x02, 0x02, 0x02, 0x04, 0x00, 0x00, 0x00, 0x00, 0x00, 0x00, 0x00, 0x00, 0x00, //
             -^ 62
  69                  0x00, 0x00, 0x00, 0x00, 0x00, 0x00, 0x00, 0x00, 0x80, 0x80, 0x80, 0x80, 0x80, 0x80, 0x80, 0x80, //
             -_ 63
  70                  0x00, 0x02, 0x02, 0x04, 0x00, 0x00, 0x00, 0x00, 0x00, 0x00, 0x00, 0x00, 0x00, 0x00, 0x00, 0x00, //
             -` 64
  71                  0x00, 0x00, 0x80, 0x80, 0x80, 0x80, 0x00, 0x00, 0x00, 0x19, 0x24, 0x22, 0x22, 0x22, 0x3F, 0x20, //
             -a 65
  72                  0x08, 0xF8, 0x00, 0x80, 0x80, 0x00, 0x00, 0x00, 0x00, 0x3F, 0x11, 0x20, 0x20, 0x11, 0x0E, 0x00, //
             -b 66
  73                  0x00, 0x00, 0x00, 0x80, 0x80, 0x80, 0x00, 0x00, 0x00, 0x0E, 0x11, 0x20, 0x20, 0x20, 0x11, 0x00, //
             -c 67
  74                  0x00, 0x00, 0x00, 0x80, 0x80, 0x88, 0xF8, 0x00, 0x00, 0x0E, 0x11, 0x20, 0x20, 0x10, 0x3F, 0x20, //
             -d 68
  75                  0x00, 0x00, 0x80, 0x80, 0x80, 0x80, 0x00, 0x00, 0x00, 0x1F, 0x22, 0x22, 0x22, 0x22, 0x13, 0x00, //
             -e 69
  76                  0x00, 0x80, 0x80, 0xF0, 0x88, 0x88, 0x88, 0x18, 0x00, 0x20, 0x20, 0x3F, 0x20, 0x20, 0x00, 0x00, //
             -f 70
  77                  0x00, 0x00, 0x80, 0x80, 0x80, 0x80, 0x80, 0x00, 0x00, 0x6B, 0x94, 0x94, 0x94, 0x93, 0x60, 0x00, //
             -g 71
  78                  0x08, 0xF8, 0x00, 0x80, 0x80, 0x80, 0x00, 0x00, 0x20, 0x3F, 0x21, 0x00, 0x00, 0x20, 0x3F, 0x20, //
             -h 72
  79                  0x00, 0x80, 0x98, 0x98, 0x00, 0x00, 0x00, 0x00, 0x00, 0x20, 0x20, 0x3F, 0x20, 0x20, 0x00, 0x00, //
             -i 73
  80                  0x00, 0x00, 0x00, 0x80, 0x98, 0x98, 0x00, 0x00, 0x00, 0xC0, 0x80, 0x80, 0x80, 0x7F, 0x00, 0x00, //
             -j 74
  81                  0x08, 0xF8, 0x00, 0x00, 0x80, 0x80, 0x80, 0x00, 0x20, 0x3F, 0x24, 0x02, 0x2D, 0x30, 0x20, 0x00, //
             -k 75
  82                  0x00, 0x08, 0x08, 0xF8, 0x00, 0x00, 0x00, 0x00, 0x00, 0x20, 0x20, 0x3F, 0x20, 0x20, 0x00, 0x00, //
             -l 76
  83                  0x80, 0x80, 0x80, 0x80, 0x80, 0x80, 0x80, 0x00, 0x20, 0x3F, 0x20, 0x00, 0x3F, 0x20, 0x00, 0x3F, //
             -m 77
  84                  0x80, 0x80, 0x00, 0x80, 0x80, 0x80, 0x00, 0x00, 0x20, 0x3F, 0x21, 0x00, 0x00, 0x20, 0x3F, 0x20, //
             -n 78
  85                  0x00, 0x00, 0x80, 0x80, 0x80, 0x80, 0x00, 0x00, 0x00, 0x1F, 0x20, 0x20, 0x20, 0x20, 0x1F, 0x00, //
             -o 79
  86                  0x80, 0x80, 0x00, 0x80, 0x80, 0x00, 0x00, 0x00, 0x80, 0xFF, 0xA1, 0x20, 0x20, 0x11, 0x0E, 0x00, //
             -p 80
  87                  0x00, 0x00, 0x00, 0x80, 0x80, 0x80, 0x80, 0x00, 0x00, 0x0E, 0x11, 0x20, 0x20, 0xA0, 0xFF, 0x80, //
             -q 81
  88                  0x80, 0x80, 0x80, 0x00, 0x80, 0x80, 0x80, 0x00, 0x20, 0x20, 0x3F, 0x21, 0x20, 0x00, 0x01, 0x00, //
             -r 82
  89                  0x00, 0x00, 0x80, 0x80, 0x80, 0x80, 0x80, 0x00, 0x00, 0x33, 0x24, 0x24, 0x24, 0x24, 0x19, 0x00, //
             -s 83
  90                  0x00, 0x80, 0x80, 0xE0, 0x80, 0x80, 0x00, 0x00, 0x00, 0x00, 0x00, 0x1F, 0x20, 0x20, 0x00, 0x00, //
             -t 84
  91                  0x80, 0x80, 0x00, 0x00, 0x00, 0x80, 0x80, 0x00, 0x00, 0x1F, 0x20, 0x20, 0x20, 0x10, 0x3F, 0x20, //
             -u 85
  92                  0x80, 0x80, 0x80, 0x00, 0x00, 0x80, 0x80, 0x80, 0x00, 0x01, 0x0E, 0x30, 0x08, 0x06, 0x01, 0x00, //
C51 COMPILER V9.54   OLED                                                                  06/26/2020 23:01:04 PAGE 4   

             -v 86
  93                  0x80, 0x80, 0x00, 0x80, 0x00, 0x80, 0x80, 0x80, 0x0F, 0x30, 0x0C, 0x03, 0x0C, 0x30, 0x0F, 0x00, //
             -w 87
  94                  0x00, 0x80, 0x80, 0x00, 0x80, 0x80, 0x80, 0x00, 0x00, 0x20, 0x31, 0x2E, 0x0E, 0x31, 0x20, 0x00, //
             -x 88
  95                  0x80, 0x80, 0x80, 0x00, 0x00, 0x80, 0x80, 0x80, 0x80, 0x81, 0x8E, 0x70, 0x18, 0x06, 0x01, 0x00, //
             -y 89
  96                  0x00, 0x80, 0x80, 0x80, 0x80, 0x80, 0x80, 0x00, 0x00, 0x21, 0x30, 0x2C, 0x22, 0x21, 0x30, 0x00, //
             -z 90
  97          };
  98          
  99          void OLED_P8x16Str(unsigned char x, unsigned char y,const char ch[])
 100          {
 101   1          unsigned char c = 0, i = 0, j = 0;
 102   1          while (ch[j] != '\0')
 103   1          {
 104   2              c = ch[j] - 32;
 105   2              if (x > 120)
 106   2              {
 107   3                  x = 0;
 108   3                  y++;
 109   3              }
 110   2              OLED_Set_Pos(x, y);
 111   2              for (i = 0; i < 8; i++)
 112   2                  OLED_Write(F8X16[c * 16 + i], 'D');
 113   2              OLED_Set_Pos(x, y + 1);
 114   2              for (i = 0; i < 8; i++)
 115   2                  OLED_Write(F8X16[c * 16 + i + 8], 'D');
 116   2              x += 8;
 117   2              j++;
 118   2          }
 119   1      }
 120          
 121          void OLED_Init(void)
 122          {
 123   1          OLED_Write(0xae, 'C'); //--turn off oled panel
 124   1          OLED_Write(0x00, 'C'); //---set low column address
 125   1          OLED_Write(0x10, 'C'); //---set high column address
 126   1          OLED_Write(0x40, 'C'); //--set start line address  Set Mapping RAM Display Start Line (0x00~0x3F)
 127   1          OLED_Write(0x81, 'C'); //--set contrast control register
 128   1          OLED_Write(0xcf, 'C'); // Set SEG Output Current Brightness
 129   1          OLED_Write(0xa1, 'C'); //--Set SEG/Column Mapping     0xa0左右反置 0xa1正常
 130   1          OLED_Write(0xc8, 'C'); //Set COM/Row Scan Direction   0xc0上下反置 0xc8正常
 131   1          OLED_Write(0xa6, 'C'); //--set normal display
 132   1          OLED_Write(0xa8, 'C'); //--set multiplex ratio(1 to 64)
 133   1          OLED_Write(0x3f, 'C'); //--1/64 duty
 134   1          OLED_Write(0xd3, 'C'); //-set display offset        Shift Mapping RAM Counter (0x00~0x3F)
 135   1          OLED_Write(0x00, 'C'); //-not offset
 136   1          OLED_Write(0xd5, 'C'); //--set display clock divide ratio/oscillator frequency
 137   1          OLED_Write(0x80, 'C'); //--set divide ratio, Set Clock as 100 Frames/Sec
 138   1          OLED_Write(0xd9, 'C'); //--set pre-charge period
 139   1          OLED_Write(0xf1, 'C'); //Set Pre-Charge as 15 Clocks & Discharge as 1 Clock
 140   1          OLED_Write(0xda, 'C'); //--set com pins hardware configuration
 141   1          OLED_Write(0x12, 'C');
 142   1          OLED_Write(0xdb, 'C'); //--set vcomh
 143   1          OLED_Write(0x40, 'C'); //Set VCOM Deselect Level
 144   1          OLED_Write(0x20, 'C'); //-Set Page Addressing Mode (0x00/0x01/0x02)
 145   1          OLED_Write(0x02, 'C'); //
 146   1          OLED_Write(0x8d, 'C'); //--set Charge Pump enable/disable
 147   1          OLED_Write(0x14, 'C'); //--set(0x10) disable
 148   1          OLED_Write(0xa4, 'C'); // Disable Entire Display On (0xa4/0xa5)
 149   1          OLED_Write(0xa6, 'C'); // Disable Inverse Display On (0xa6/a7)
C51 COMPILER V9.54   OLED                                                                  06/26/2020 23:01:04 PAGE 5   

 150   1          OLED_Write(0xaf, 'C'); //--turn on oled panel
 151   1      
 152   1          OLED_Fill(0); //初始清屏
 153   1          OLED_Fill(1);
 154   1          OLED_Fill(2);
 155   1          OLED_Fill(3);
 156   1          OLED_Fill(4);
 157   1          OLED_Fill(5);
 158   1          OLED_Fill(6);
 159   1          OLED_Fill(7);
 160   1          OLED_Set_Pos(0, 0);
 161   1      }
 162          
 163          void OLED_Fill(unsigned char y)
 164          {
 165   1          unsigned char n;
 166   1          OLED_Write((0xb0 + y), 'C');
 167   1          OLED_Write(0x01, 'C');
 168   1          OLED_Write(0x10, 'C');
 169   1          for (n = 0; n < 128; n++)
 170   1              OLED_Write(0, 'D');
 171   1      }
 172          
 173          void OLED_Set_Pos(unsigned char x, unsigned char y) //？？
 174          {
 175   1          OLED_Write(0xb0 + y, 'C');
 176   1          OLED_Write(((x & 0xf0) >> 4) | 0x10, 'C');
 177   1          OLED_Write((x & 0x0f) | 0x01, 'C');
 178   1      }
 179          
 180          void OLED_Write(unsigned char x, unsigned char y)
 181          {
 182   1              unsigned char array_1[3] = {0x78,0x00};
 183   1              unsigned char array_2[3] = {0x78,0x40};
 184   1              array_1[2] = x;
 185   1              array_2[2] = x;
 186   1          if (y == 'C') //com
 187   1          {
 188   2                      IIC_Write (3,array_1);
 189   2          }
 190   1          else if (y == 'D') //date
 191   1          {
 192   2              IIC_Write (3,array_2);
 193   2          }
 194   1      }


MODULE INFORMATION:   STATIC OVERLAYABLE
   CODE SIZE        =    569    ----
   CONSTANT SIZE    =      6    ----
   XDATA SIZE       =   1456    ----
   PDATA SIZE       =   ----    ----
   DATA SIZE        =   ----      18
   IDATA SIZE       =   ----    ----
   BIT SIZE         =   ----    ----
END OF MODULE INFORMATION.


C51 COMPILATION COMPLETE.  0 WARNING(S),  0 ERROR(S)
