C51 COMPILER V9.54   ULTRASONIC                                                            06/17/2020 12:54:26 PAGE 1   


C51 COMPILER V9.54, COMPILATION OF MODULE ULTRASONIC
OBJECT MODULE PLACED IN .\Objects\Ultrasonic.obj
COMPILER INVOKED BY: D:\MDK5\C51\BIN\C51.EXE Ultrasonic.c OPTIMIZE(8,SPEED) BROWSE DEBUG OBJECTEXTEND PRINT(.\Listings\U
                    -ltrasonic.lst) OBJECT(.\Objects\Ultrasonic.obj)

line level    source

   1          #include "reg52.h"
   2          #include "intrins.h"
   3          #include "ultrasonic.h"
   4          
   5          sbit Echo = P3 ^ 5;
   6          sbit Trig = P3 ^ 4;
   7          
   8          unsigned int Ultrasonic(void)
   9          {
  10   1              unsigned int i = 0;
  11   1          Trig = 1;
  12   1              Delayx0us(2);
  13   1              Trig = 0;
  14   1              while(!Echo);           //等到High开始
  15   1              do{
  16   2                      Delayx0us(1);
  17   2                      i++;
  18   2                }while(Echo);         //等到 Low结束
  19   1              i = ((i * 17) / 10); //处理超声波数据
  20   1              return i;               //返回测到的时间 ，送去hanlde计算
  21   1      }
  22          
  23          void Delayx0us(unsigned char x) //@24.000MHz            超声波延迟
  24          {
  25   1          unsigned char i;
  26   1          for (x; x > 0; x--)
  27   1          {
  28   2              i = 71;
  29   2              while (--i)
  30   2                  ;
  31   2          }
  32   1      }
  33          
  34          void Delayxms(unsigned char x)          //@24.000MHz            按键消抖延迟
  35          {
  36   1              unsigned char i, j;
  37   1              for(x;x > 0;x--)
  38   1              {
  39   2                      _nop_();
  40   2                      i = 30;
  41   2                      j = 40;
  42   2                      do
  43   2                      {
  44   3                              while (--j);
  45   3                      } while (--i);
  46   2              }
  47   1      }
  48          
  49          void Delayx00ms(unsigned char x) //@24.000MHz   通用延迟
  50          {
  51   1          unsigned char i, j, k;
  52   1          for (x; x > 0; x--)
  53   1          {
  54   2              _nop_();
C51 COMPILER V9.54   ULTRASONIC                                                            06/17/2020 12:54:26 PAGE 2   

  55   2              _nop_();
  56   2              i = 13;
  57   2              j = 45;
  58   2              k = 214;
  59   2              do
  60   2              {
  61   3                  do
  62   3                  {
  63   4                      while (--k)
  64   4                          ;
  65   4                  } while (--j);
  66   3              } while (--i);
  67   2          }
  68   1      }


MODULE INFORMATION:   STATIC OVERLAYABLE
   CODE SIZE        =    110    ----
   CONSTANT SIZE    =   ----    ----
   XDATA SIZE       =   ----    ----
   PDATA SIZE       =   ----    ----
   DATA SIZE        =   ----       2
   IDATA SIZE       =   ----    ----
   BIT SIZE         =   ----    ----
END OF MODULE INFORMATION.


C51 COMPILATION COMPLETE.  0 WARNING(S),  0 ERROR(S)
